Entregado Ejercicio1 Cuaderno2 Sergio Martínez Agüero
Entregado Ejercicio2 Cuaderno2 Sergio Martínez Agüero
Entregado Ejercicio3 Cuaderno2 Sergio Martínez Agüero
David diaz entrega 1
David entrega 1
David entrega 2
Seila Oliva ha hecho la entrega de P1-E1
Javier Fernnadez entrega Boletin1-E1
David entrega 3
David entrega 4
Seila Oliva entrega P1-E2
Victor Manuel Tenorio entrega Ejercicio 2
Javier Fernandez entrega Boletin-E2
Victor Manuel Tenorio entrega Ejercicio 1
Seila Oliva entrega P2-E1
David entrega5
Victor Manuel Tenorio entrega Ejercicio 3
Javier Fernandez entrega Boletin2-E2
Javier Fernandez entrega Boletin2-E1
Javier Fernandez entrega Boletin2-E3
Javier Fernandez entrega Boletin2-E4
Javier Fernandez entrega Boletin2-E5
Cristina Gallego entrega Boletin 1
Cristina Gallego entrega Boletin 2 - E1
Cristina Gallego entrega Boletin 2 - E2
Cristina Gallego entrega Boletin 2 - E3
Cristina Gallego entrega Boletin 2 - E4
Cristina Gallego entrega Boletin 2 - E5
Seila Oliva entrega P2-E2
Seila Oliva entrega P2-E3
Seila Oliva entrega P2-E4
Seila Oliva entrega P2-E5
CBermejo entrega Hoja1Ejercicio1
CBermejo entrega Hoja1Ejercicio2
CBermejo entrega Hoja2Ejercicio1
CBermejo entrega Hoja2Ejercicio2
CBermejo entrega Hoja2Ejercicio3
CBermejo entrega Hoja2Ejercicio4
CBermejo entrega Hoja2Ejercicio5
Tomás Galindo entrega ejercicio1 hoja 1
Tomás Galindo entrega ejercicio2 hoja 1
Tomás Galindo entrega ejercicio1 hoja 2
Victor Manuel Tenorio entrega Ejercicio 4
Rodrigo Perela Posada Entrega T1 E1.1
Rodrigo Perela Posada Entrega T2 E1
Rodrigo Perela Posada Entrega T2 E2
Rodrigo Perela Posada Entrega T2 E3
Rodrigo Perela Posada Entrega T2 E4
Rodrigo Perela Posada Entrega T2 E5
Victor Manuel Tenorio entrega Ejercicio 5
Rodrigo Pacheco entrega Ejercicio 1 Boletin 1
Cayetana entrega ejercicio 1-1
Rodrigo Pacheco entrega Ejercicio 2 Boletin 1
<<<<<<< HEAD
=======
Cayetana entrega ejercicio 1-2
<<<<<<< HEAD
>>>>>>> ab65e1b271e5939868cfc3eb47a0364fd19acf16
=======
Victor Manuel Tenorio entrega Boletin 1
Sergio Cobos entrega ej1
Sergio Cobos entrega ej2
Cayetana entrega ejercicio 2-2
>>>>>>> b6228cf3a6f8ad6b403c710531971242dd6db28b
Rodrigo Pacheco entrega Ejercicio 1 Boletin 2
Sergio Cobos entrega cuadernillo 1
Sergio Cobos entrega cuadernillo 2
Sergio Cobos entrega cuadernillo 3
Sergio Cobos entrega cuadernillo 4
Sergio Cobos entrega cuadernillo 5
Rodrigo Pacheco entrega Ejercicio 2 Boletin 2
